<?xml version="1.0" encoding="UTF-8"?>
<!-- Generated by org.testng.reporters.JUnitXMLReporter -->
<testsuite hostname="DESKTOP-60CIKMS" ignored="4" tests="0" failures="0" timestamp="28 Sep 2018 07:08:58 GMT" time="0.005" errors="0">
  <testcase name="autoCompletePage" time="0.0" classname="com.moreTabs.AutoCompleteTest">
    <ignored/>
  </testcase> <!-- autoCompletePage -->
  <testcase name="MultiplePage" time="0.0" classname="com.moreTabs.AutoCompleteTest">
    <ignored/>
  </testcase> <!-- MultiplePage -->
  <testcase name="loginPage" time="0.0" classname="com.moreTabs.AutoCompleteTest">
    <ignored/>
  </testcase> <!-- loginPage -->
  <testcase name="MenuPage" time="0.0" classname="com.moreTabs.AutoCompleteTest">
    <ignored/>
  </testcase> <!-- MenuPage -->
</testsuite>
